# JRE version: OpenJDK Runtime Environment (8.0_242-b01) (build 1.8.0_242-release-1644-b01)
# Java VM: OpenJDK 64-Bit Server VM (25.242-b01 mixed mode windows-amd64 compressed oops)
Heap:
 PSYoungGen      total 171520K, used 167388K [0x00000000d5580000, 0x00000000e2380000, 0x0000000100000000)
  eden space 152576K, 97% used [0x00000000d5580000,0x00000000de67e4f8,0x00000000dea80000)
  from space 18944K, 99% used [0x00000000dea80000,0x00000000dfcf8de0,0x00000000dfd00000)
  to   space 22016K, 0% used [0x00000000e0e00000,0x00000000e0e00000,0x00000000e2380000)
 ParOldGen       total 81920K, used 45841K [0x0000000080000000, 0x0000000085000000, 0x00000000d5580000)
  object space 81920K, 55% used [0x0000000080000000,0x0000000082cc44a8,0x0000000085000000)
 Metaspace       used 78390K, capacity 82174K, committed 82328K, reserved 1120256K
  class space    used 10607K, capacity 11320K, committed 11432K, reserved 1048576K
GC Heap History (10 events):
Event: 35.809 GC heap before
{Heap before GC invocations=20 (full 3):
 PSYoungGen      total 142336K, used 3151K [0x00000000d5580000, 0x00000000e0e80000, 0x0000000100000000)
  eden space 126464K, 0% used [0x00000000d5580000,0x00000000d5580000,0x00000000dd100000)
  from space 15872K, 19% used [0x00000000dd100000,0x00000000dd413c90,0x00000000de080000)
  to   space 15872K, 0% used [0x00000000dff00000,0x00000000dff00000,0x00000000e0e80000)
 ParOldGen       total 50176K, used 35982K [0x0000000080000000, 0x0000000083100000, 0x00000000d5580000)
  object space 50176K, 71% used [0x0000000080000000,0x0000000082323a50,0x0000000083100000)
 Metaspace       used 56839K, capacity 59044K, committed 59160K, reserved 1099776K
  class space    used 7698K, capacity 8168K, committed 8232K, reserved 1048576K
Event: 36.566 GC heap after
Heap after GC invocations=20 (full 3):
 PSYoungGen      total 142336K, used 0K [0x00000000d5580000, 0x00000000e0e80000, 0x0000000100000000)
  eden space 126464K, 0% used [0x00000000d5580000,0x00000000d5580000,0x00000000dd100000)
  from space 15872K, 0% used [0x00000000dd100000,0x00000000dd100000,0x00000000de080000)
  to   space 15872K, 0% used [0x00000000dff00000,0x00000000dff00000,0x00000000e0e80000)
 ParOldGen       total 81920K, used 32037K [0x0000000080000000, 0x0000000085000000, 0x00000000d5580000)
  object space 81920K, 39% used [0x0000000080000000,0x0000000081f497f8,0x0000000085000000)
 Metaspace       used 56830K, capacity 59014K, committed 59160K, reserved 1099776K
  class space    used 7695K, capacity 8163K, committed 8232K, reserved 1048576K
}
Event: 43.592 GC heap before
{Heap before GC invocations=21 (full 3):
 PSYoungGen      total 142336K, used 126464K [0x00000000d5580000, 0x00000000e0e80000, 0x0000000100000000)
  eden space 126464K, 100% used [0x00000000d5580000,0x00000000dd100000,0x00000000dd100000)
  from space 15872K, 0% used [0x00000000dd100000,0x00000000dd100000,0x00000000de080000)
  to   space 15872K, 0% used [0x00000000dff00000,0x00000000dff00000,0x00000000e0e80000)
 ParOldGen       total 81920K, used 32037K [0x0000000080000000, 0x0000000085000000, 0x00000000d5580000)
  object space 81920K, 39% used [0x0000000080000000,0x0000000081f497f8,0x0000000085000000)
 Metaspace       used 62633K, capacity 65032K, committed 65176K, reserved 1105920K
  class space    used 8562K, capacity 9015K, committed 9128K, reserved 1048576K
Event: 43.632 GC heap after
Heap after GC invocations=21 (full 3):
 PSYoungGen      total 148480K, used 9671K [0x00000000d5580000, 0x00000000e0880000, 0x0000000100000000)
  eden space 138752K, 0% used [0x00000000d5580000,0x00000000d5580000,0x00000000ddd00000)
  from space 9728K, 99% used [0x00000000dff00000,0x00000000e0871d90,0x00000000e0880000)
  to   space 15872K, 0% used [0x00000000de980000,0x00000000de980000,0x00000000df900000)
 ParOldGen       total 81920K, used 32045K [0x0000000080000000, 0x0000000085000000, 0x00000000d5580000)
  object space 81920K, 39% used [0x0000000080000000,0x0000000081f4b7f8,0x0000000085000000)
 Metaspace       used 62633K, capacity 65032K, committed 65176K, reserved 1105920K
  class space    used 8562K, capacity 9015K, committed 9128K, reserved 1048576K
}
Event: 52.293 GC heap before
{Heap before GC invocations=22 (full 3):
 PSYoungGen      total 148480K, used 148423K [0x00000000d5580000, 0x00000000e0880000, 0x0000000100000000)
  eden space 138752K, 100% used [0x00000000d5580000,0x00000000ddd00000,0x00000000ddd00000)
  from space 9728K, 99% used [0x00000000dff00000,0x00000000e0871d90,0x00000000e0880000)
  to   space 15872K, 0% used [0x00000000de980000,0x00000000de980000,0x00000000df900000)
 ParOldGen       total 81920K, used 32045K [0x0000000080000000, 0x0000000085000000, 0x00000000d5580000)
  object space 81920K, 39% used [0x0000000080000000,0x0000000081f4b7f8,0x0000000085000000)
 Metaspace       used 67476K, capacity 70548K, committed 70808K, reserved 1110016K
  class space    used 9225K, capacity 9827K, committed 9896K, reserved 1048576K
Event: 52.376 GC heap after
Heap after GC invocations=22 (full 3):
 PSYoungGen      total 167424K, used 15871K [0x00000000d5580000, 0x00000000e0f80000, 0x0000000100000000)
  eden space 151552K, 0% used [0x00000000d5580000,0x00000000d5580000,0x00000000de980000)
  from space 15872K, 99% used [0x00000000de980000,0x00000000df8ffcf8,0x00000000df900000)
  to   space 18944K, 0% used [0x00000000dfd00000,0x00000000dfd00000,0x00000000e0f80000)
 ParOldGen       total 81920K, used 33040K [0x0000000080000000, 0x0000000085000000, 0x00000000d5580000)
  object space 81920K, 40% used [0x0000000080000000,0x0000000082044020,0x0000000085000000)
 Metaspace       used 67476K, capacity 70548K, committed 70808K, reserved 1110016K
  class space    used 9225K, capacity 9827K, committed 9896K, reserved 1048576K
}
Event: 57.017 GC heap before
{Heap before GC invocations=23 (full 3):
 PSYoungGen      total 167424K, used 167423K [0x00000000d5580000, 0x00000000e0f80000, 0x0000000100000000)
  eden space 151552K, 100% used [0x00000000d5580000,0x00000000de980000,0x00000000de980000)
  from space 15872K, 99% used [0x00000000de980000,0x00000000df8ffcf8,0x00000000df900000)
  to   space 18944K, 0% used [0x00000000dfd00000,0x00000000dfd00000,0x00000000e0f80000)
 ParOldGen       total 81920K, used 33040K [0x0000000080000000, 0x0000000085000000, 0x00000000d5580000)
  object space 81920K, 40% used [0x0000000080000000,0x0000000082044020,0x0000000085000000)
 Metaspace       used 74550K, capacity 77844K, committed 78104K, reserved 1116160K
  class space    used 10162K, capacity 10783K, committed 10792K, reserved 1048576K
Event: 57.056 GC heap after
Heap after GC invocations=23 (full 3):
 PSYoungGen      total 171520K, used 11674K [0x00000000d5580000, 0x00000000e1d00000, 0x0000000100000000)
  eden space 152576K, 0% used [0x00000000d5580000,0x00000000d5580000,0x00000000dea80000)
  from space 18944K, 61% used [0x00000000dfd00000,0x00000000e0866948,0x00000000e0f80000)
  to   space 18944K, 0% used [0x00000000dea80000,0x00000000dea80000,0x00000000dfd00000)
 ParOldGen       total 81920K, used 45811K [0x0000000080000000, 0x0000000085000000, 0x00000000d5580000)
  object space 81920K, 55% used [0x0000000080000000,0x0000000082cbcf38,0x0000000085000000)
 Metaspace       used 74550K, capacity 77844K, committed 78104K, reserved 1116160K
  class space    used 10162K, capacity 10783K, committed 10792K, reserved 1048576K
}
Event: 63.363 GC heap before
{Heap before GC invocations=24 (full 3):
 PSYoungGen      total 171520K, used 164250K [0x00000000d5580000, 0x00000000e1d00000, 0x0000000100000000)
  eden space 152576K, 100% used [0x00000000d5580000,0x00000000dea80000,0x00000000dea80000)
  from space 18944K, 61% used [0x00000000dfd00000,0x00000000e0866948,0x00000000e0f80000)
  to   space 18944K, 0% used [0x00000000dea80000,0x00000000dea80000,0x00000000dfd00000)
 ParOldGen       total 81920K, used 45811K [0x0000000080000000, 0x0000000085000000, 0x00000000d5580000)
  object space 81920K, 55% used [0x0000000080000000,0x0000000082cbcf38,0x0000000085000000)
 Metaspace       used 78365K, capacity 82110K, committed 82328K, reserved 1120256K
  class space    used 10606K, capacity 11320K, committed 11432K, reserved 1048576K
Event: 63.401 GC heap after
Heap after GC invocations=24 (full 3):
 PSYoungGen      total 171520K, used 18915K [0x00000000d5580000, 0x00000000e2380000, 0x0000000100000000)
  eden space 152576K, 0% used [0x00000000d5580000,0x00000000d5580000,0x00000000dea80000)
  from space 18944K, 99% used [0x00000000dea80000,0x00000000dfcf8de0,0x00000000dfd00000)
  to   space 22016K, 0% used [0x00000000e0e00000,0x00000000e0e00000,0x00000000e2380000)
 ParOldGen       total 81920K, used 45841K [0x0000000080000000, 0x0000000085000000, 0x00000000d5580000)
  object space 81920K, 55% used [0x0000000080000000,0x0000000082cc44a8,0x0000000085000000)
 Metaspace       used 78365K, capacity 82110K, committed 82328K, reserved 1120256K
  class space    used 10606K, capacity 11320K, committed 11432K, reserved 1048576K
}

